{"numTotalTestSuites":2,"numPassedTestSuites":2,"numFailedTestSuites":0,"numPendingTestSuites":0,"numTotalTests":4,"numPassedTests":4,"numFailedTests":0,"numPendingTests":0,"numTodoTests":0,"snapshot":{"added":0,"failure":false,"filesAdded":0,"filesRemoved":0,"filesRemovedList":[],"filesUnmatched":0,"filesUpdated":0,"matched":0,"total":0,"unchecked":0,"uncheckedKeysByFile":[],"unmatched":0,"updated":0,"didUpdate":false},"startTime":1770750912116,"success":true,"testResults":[{"assertionResults":[{"ancestorTitles":["Tenant Isolation E2E Tests"],"fullName":"Tenant Isolation E2E Tests should register User A in Tenant A","status":"passed","title":"should register User A in Tenant A","duration":546.2257079999999,"failureMessages":[],"location":{"line":25,"column":5},"meta":{}},{"ancestorTitles":["Tenant Isolation E2E Tests"],"fullName":"Tenant Isolation E2E Tests should register User B in Tenant B","status":"passed","title":"should register User B in Tenant B","duration":29.78862499999991,"failureMessages":[],"location":{"line":34,"column":5},"meta":{}},{"ancestorTitles":["Tenant Isolation E2E Tests"],"fullName":"Tenant Isolation E2E Tests should FAIL to login User A when using Tenant B context","status":"passed","title":"should FAIL to login User A when using Tenant B context","duration":26.450083000000063,"failureMessages":[],"location":{"line":43,"column":5},"meta":{}},{"ancestorTitles":["Tenant Isolation E2E Tests"],"fullName":"Tenant Isolation E2E Tests should SUCCEED to login User A when using Tenant A context","status":"passed","title":"should SUCCEED to login User A when using Tenant A context","duration":16.59287500000005,"failureMessages":[],"location":{"line":56,"column":5},"meta":{}}],"startTime":1770750912328,"endTime":1770750912947.5928,"status":"passed","message":"","name":"/Users/aliabuzahra/Multi_Micro_SAAS/tests/e2e/tenant-isolation.test.ts"}]}